[2015-03-17 09:55:49.369] [TRACE] access - POST /card/custInfo 200
[2015-03-17 10:27:34.076] [TRACE] access - GET /frameInfo 304
[2015-03-17 10:27:34.084] [TRACE] access - GET /routePages 304
[2015-03-17 10:27:34.451] [TRACE] access - POST /testdata 200
[2015-03-17 10:27:34.465] [TRACE] access - GET /userMenus 304
[2015-03-17 10:27:41.081] [TRACE] access - POST /card/custdemo 200
[2015-03-17 10:27:41.775] [TRACE] access - POST /card/custInfo 200
[2015-03-17 10:28:32.980] [TRACE] access - POST /card/custInfo 200
[2015-03-17 10:28:40.173] [TRACE] access - POST /card/custInfo 200
[2015-03-17 10:28:44.169] [TRACE] access - POST /card/custdemo 200
[2015-03-17 10:28:56.510] [TRACE] access - POST /card/custdemo 200
[2015-03-17 10:28:57.261] [TRACE] access - POST /card/custInfo 200
[2015-03-17 11:19:06.480] [TRACE] access - POST /card/custdemo 200
[2015-03-17 11:19:06.960] [TRACE] access - POST /card/custInfo 200
[2015-03-17 11:19:08.343] [TRACE] access - POST /card/custdemo 200
[2015-03-17 11:19:09.499] [TRACE] access - POST /card/custInfo 200
[2015-03-17 11:19:10.371] [TRACE] access - POST /card/custdemo 200
[2015-03-17 11:19:10.777] [TRACE] access - POST /card/custInfo 200
[2015-03-17 11:19:11.155] [TRACE] access - POST /card/custdemo 200
[2015-03-17 11:19:11.574] [TRACE] access - POST /card/custInfo 200
[2015-03-17 11:19:11.978] [TRACE] access - POST /card/custdemo 200
[2015-03-17 11:19:12.266] [TRACE] access - POST /card/custInfo 200
[2015-03-17 11:19:12.560] [TRACE] access - POST /card/custdemo 200
[2015-03-17 11:19:12.867] [TRACE] access - POST /card/custInfo 200
[2015-03-17 11:19:13.210] [TRACE] access - POST /card/custdemo 200
[2015-03-17 11:19:13.492] [TRACE] access - POST /card/custInfo 200
[2015-03-17 11:19:14.051] [TRACE] access - POST /card/custdemo 200
[2015-03-17 11:19:14.366] [TRACE] access - POST /card/custInfo 200
[2015-03-17 11:19:14.719] [TRACE] access - POST /card/custdemo 200
[2015-03-17 11:19:15.033] [TRACE] access - POST /card/custInfo 200
[2015-03-17 11:19:15.484] [TRACE] access - POST /card/custdemo 200
[2015-03-17 11:19:15.818] [TRACE] access - POST /card/custInfo 200
[2015-03-17 11:19:16.375] [TRACE] access - POST /card/custdemo 200
[2015-03-17 11:19:18.626] [TRACE] access - POST /card/custInfo 200
[2015-03-17 11:19:22.549] [TRACE] access - POST /card/custdemo 200
[2015-03-17 11:42:09.395] [TRACE] access - POST /car/custdemo 200
[2015-03-17 11:42:10.258] [TRACE] access - POST /car/custInfo 200
[2015-03-17 13:18:17.243] [TRACE] access - POST /car/custdemo 200
[2015-03-17 13:39:43.077] [TRACE] access - POST /car/custInfo 200
[2015-03-17 13:42:13.061] [TRACE] access - POST /car/custdemo 200
[2015-03-17 13:42:17.535] [TRACE] access - POST /car/custInfo 200
[2015-03-17 13:52:46.329] [TRACE] access - POST /car/custdemo 500
[2015-03-17 13:53:47.540] [TRACE] access - POST /car/custdemo 200
[2015-03-17 13:53:48.910] [TRACE] access - POST /car/custInfo 200
[2015-03-17 13:53:50.043] [TRACE] access - POST /car/custdemo 200
[2015-03-17 13:54:12.535] [TRACE] access - POST /car/custdemo 200
[2015-03-17 13:54:25.622] [TRACE] access - POST /car/custInfo 200
[2015-03-17 13:54:26.393] [TRACE] access - POST /car/custdemo 200
[2015-03-17 13:54:26.854] [TRACE] access - POST /car/custInfo 200
[2015-03-17 13:54:27.240] [TRACE] access - POST /car/custdemo 200
[2015-03-17 13:58:09.646] [TRACE] access - POST /car/custInfo 200
[2015-03-17 13:58:11.979] [TRACE] access - POST /car/custdemo 200
[2015-03-17 13:58:12.521] [TRACE] access - POST /car/custInfo 200
[2015-03-17 13:58:14.703] [TRACE] access - POST /car/custdemo 200
[2015-03-17 13:58:15.226] [TRACE] access - POST /car/custInfo 200
[2015-03-17 13:58:16.057] [TRACE] access - POST /car/custdemo 200
[2015-03-17 13:58:16.446] [TRACE] access - POST /car/custInfo 200
[2015-03-17 14:30:26.424] [TRACE] access - POST /car/custdemo 200
[2015-03-17 14:30:27.051] [TRACE] access - POST /car/custInfo 200
[2015-03-17 14:35:29.343] [TRACE] access - POST /car/custInfo 200
[2015-03-17 14:35:29.946] [TRACE] access - POST /car/custdemo 200
[2015-03-17 14:35:30.603] [TRACE] access - POST /car/custInfo 200
[2015-03-17 14:40:49.627] [TRACE] access - POST /car/custInfo 200
[2015-03-17 14:40:50.875] [TRACE] access - POST /car/custdemo 200
[2015-03-17 14:41:08.496] [TRACE] access - POST /car/custdemo 200
[2015-03-17 14:41:08.861] [TRACE] access - POST /car/custInfo 200
[2015-03-17 14:41:09.313] [TRACE] access - POST /car/custdemo 200
[2015-03-17 14:41:09.552] [TRACE] access - POST /car/custInfo 200
[2015-03-17 14:41:09.871] [TRACE] access - POST /car/custdemo 200
[2015-03-17 14:41:10.121] [TRACE] access - POST /car/custInfo 200
[2015-03-17 14:41:10.436] [TRACE] access - POST /car/custdemo 200
[2015-03-17 14:41:10.698] [TRACE] access - POST /car/custInfo 200
[2015-03-17 14:41:11.044] [TRACE] access - POST /car/custdemo 200
[2015-03-17 14:41:11.286] [TRACE] access - POST /car/custInfo 200
[2015-03-17 14:41:11.585] [TRACE] access - POST /car/custdemo 200
[2015-03-17 14:41:11.822] [TRACE] access - POST /car/custInfo 200
[2015-03-17 14:41:12.085] [TRACE] access - POST /car/custdemo 200
[2015-03-17 14:41:12.380] [TRACE] access - POST /car/custInfo 200
[2015-03-17 14:41:12.760] [TRACE] access - POST /car/custdemo 200
[2015-03-17 14:41:13.067] [TRACE] access - POST /car/custInfo 200
[2015-03-17 14:41:13.370] [TRACE] access - POST /car/custdemo 200
[2015-03-17 14:41:13.679] [TRACE] access - POST /car/custInfo 200
[2015-03-17 14:41:14.036] [TRACE] access - POST /car/custdemo 200
[2015-03-17 14:42:47.588] [TRACE] access - POST /car/custdemo 200
[2015-03-17 14:42:47.915] [TRACE] access - POST /car/custInfo 200
[2015-03-17 15:06:43.974] [TRACE] access - POST /car/custInfo 200
[2015-03-17 15:06:44.793] [TRACE] access - POST /car/custdemo 200
[2015-03-17 15:09:19.783] [TRACE] access - POST /car/custdemo 200
[2015-03-17 15:09:20.400] [TRACE] access - POST /car/custInfo 200
[2015-03-17 15:10:28.468] [TRACE] access - POST /car/custInfo 200
[2015-03-17 15:10:29.348] [TRACE] access - POST /car/custdemo 200
[2015-03-17 15:10:29.945] [TRACE] access - POST /car/custInfo 200
[2015-03-17 15:10:30.409] [TRACE] access - POST /car/custdemo 200
[2015-03-17 15:10:30.704] [TRACE] access - POST /car/custInfo 200
[2015-03-17 15:10:31.091] [TRACE] access - POST /car/custdemo 200
[2015-03-17 15:10:31.651] [TRACE] access - POST /car/custInfo 200
[2015-03-17 15:12:17.785] [TRACE] access - POST /car/custnew 200
[2015-03-17 15:12:24.503] [TRACE] access - POST /car/custnew 200
[2015-03-17 15:12:27.229] [TRACE] access - POST /car/custnew 200
[2015-03-17 15:12:51.885] [TRACE] access - POST /car/custnew 200
[2015-03-17 15:15:00.427] [TRACE] access - POST /car/custnew 200
[2015-03-17 15:15:04.816] [TRACE] access - POST /car/custnew 200
[2015-03-17 15:15:10.228] [TRACE] access - POST /car/custnew 200
[2015-03-17 15:15:10.803] [TRACE] access - POST /car/custInfo 200
[2015-03-17 15:15:11.834] [TRACE] access - POST /car/custnew 200
[2015-03-17 15:15:48.230] [TRACE] access - POST /car/custdemo 200
[2015-03-17 15:15:49.297] [TRACE] access - POST /car/custInfo 200
[2015-03-17 15:15:50.198] [TRACE] access - POST /car/custnew 200
[2015-03-17 15:16:26.486] [TRACE] access - POST /car/custnew 200
[2015-03-17 15:16:27.248] [TRACE] access - POST /car/custnew 200
[2015-03-17 15:16:27.825] [TRACE] access - POST /car/custnew 200
[2015-03-17 15:16:30.234] [TRACE] access - POST /car/custnew 200
[2015-03-17 15:16:39.437] [TRACE] access - POST /car/custnew 200
[2015-03-17 15:16:40.724] [TRACE] access - POST /car/custnew 200
[2015-03-17 15:16:41.622] [TRACE] access - POST /car/custnew 200
[2015-03-17 15:16:43.364] [TRACE] access - POST /car/custnew 200
[2015-03-17 15:16:43.709] [TRACE] access - POST /car/custnew 200
[2015-03-17 15:16:48.116] [TRACE] access - POST /car/custnew 200
[2015-03-17 15:17:37.693] [TRACE] access - POST /car/custnew 200
[2015-03-17 15:20:14.562] [TRACE] access - POST /car/custInfo 200
[2015-03-17 15:20:17.575] [TRACE] access - POST /car/custnew 200
[2015-03-17 15:25:26.175] [TRACE] access - POST /car/custInfo 200
[2015-03-17 15:25:27.161] [TRACE] access - POST /car/custnew 200
[2015-03-17 15:25:28.277] [TRACE] access - POST /car/custnew 200
[2015-03-17 15:41:02.604] [TRACE] access - POST /car/custnew 200
[2015-03-17 15:41:55.184] [TRACE] access - POST /car/custnew 200
[2015-03-17 15:42:57.412] [TRACE] access - POST /car/custnew 200
[2015-03-17 15:46:54.536] [TRACE] access - POST /car/custnew 200
[2015-03-17 15:55:05.733] [TRACE] access - POST /car/custnew 200
[2015-03-17 15:55:13.942] [TRACE] access - POST /car/custnew 200
[2015-03-17 15:58:16.379] [TRACE] access - POST /car/custpwdrest 200
[2015-03-17 16:10:17.631] [TRACE] access - POST /car/custnew 200
[2015-03-17 16:13:28.227] [TRACE] access - POST /car/custnew 200
[2015-03-17 16:13:29.338] [TRACE] access - POST /car/custnew 200
[2015-03-17 16:13:35.712] [TRACE] access - POST /car/custpwdrest 200
[2015-03-17 16:13:42.730] [TRACE] access - POST /car/custnew 200
[2015-03-17 16:24:36.415] [TRACE] access - POST /car/custpwdrest 200
[2015-03-17 16:27:35.450] [TRACE] access - POST /car/custpwdrest 200
[2015-03-17 16:28:35.768] [TRACE] access - POST /car/custpwdrest 200
[2015-03-17 16:33:54.081] [TRACE] access - POST /car/custpwdrest 200
[2015-03-17 16:33:56.333] [TRACE] access - POST /car/custpwdrest 200
[2015-03-17 16:33:59.151] [TRACE] access - POST /car/custpwdrest 200
[2015-03-17 16:44:41.373] [TRACE] access - POST /car/custnew 200
[2015-03-17 16:45:00.223] [TRACE] access - POST /car/custnew 200
[2015-03-17 16:45:39.339] [TRACE] access - POST /car/custnew 200
[2015-03-17 16:47:18.107] [TRACE] access - POST /car/custnew 200
[2015-03-17 16:47:24.392] [TRACE] access - POST /car/custnew 200
[2015-03-17 16:47:39.100] [TRACE] access - POST /car/custnew 200
[2015-03-17 16:47:59.214] [TRACE] access - POST /car/custnew 200
[2015-03-17 16:49:14.231] [TRACE] access - POST /car/custnew 200
[2015-03-17 16:50:50.784] [TRACE] access - POST /car/custnew 200
[2015-03-17 16:51:07.275] [TRACE] access - POST /car/custnew 200
[2015-03-17 16:51:55.599] [TRACE] access - POST /car/custpwdrest 200
[2015-03-17 16:55:56.621] [TRACE] access - POST /car/custnew 200
[2015-03-17 16:55:58.900] [TRACE] access - POST /car/custnew 200
[2015-03-17 16:56:00.011] [TRACE] access - POST /car/custnew 200
[2015-03-17 16:57:17.102] [TRACE] access - POST /car/custnew 200
[2015-03-17 16:57:19.158] [TRACE] access - POST /car/custnew 200
[2015-03-17 17:03:24.315] [TRACE] access - POST /car/custdemo 200
[2015-03-17 17:03:25.246] [TRACE] access - POST /car/custInfo 200
[2015-03-17 17:03:26.675] [TRACE] access - POST /car/custnew 200
[2015-03-17 17:03:29.003] [TRACE] access - POST /car/custpwdrest 200
[2015-03-17 17:03:35.517] [TRACE] access - POST /car/custInfo 200
[2015-03-17 17:03:41.432] [TRACE] access - POST /car/custInfo 200
[2015-03-17 17:03:43.050] [TRACE] access - POST /car/custnew 200
[2015-03-17 17:03:44.266] [TRACE] access - POST /car/custInfo 200
[2015-03-17 17:06:00.824] [TRACE] access - POST /car/custInfo 200
[2015-03-17 17:06:02.216] [TRACE] access - POST /car/custdemo 200
[2015-03-17 17:06:02.793] [TRACE] access - POST /car/custInfo 200
[2015-03-17 17:06:09.657] [TRACE] access - POST /car/custpwdrest 200
[2015-03-17 17:06:14.495] [TRACE] access - POST /car/custInfo 200
[2015-03-17 17:06:20.530] [TRACE] access - POST /car/custnew 200
[2015-03-17 17:07:08.500] [TRACE] access - POST /car/custdemo 200
[2015-03-17 17:07:14.514] [TRACE] access - POST /car/custdemo 200
[2015-03-17 17:09:10.880] [TRACE] access - POST /car/custdemo 200
[2015-03-17 17:09:38.589] [TRACE] access - POST /car/custInfo 200
[2015-03-17 17:09:41.607] [TRACE] access - POST /car/custnew 200
[2015-03-17 17:09:43.309] [TRACE] access - POST /car/custdemo 200
[2015-03-17 17:09:44.125] [TRACE] access - POST /car/custnew 200
[2015-03-17 17:09:45.785] [TRACE] access - POST /car/custpwdrest 200
[2015-03-17 17:09:48.077] [TRACE] access - POST /car/custInfo 200
[2015-03-17 17:09:53.534] [TRACE] access - POST /car/custInfo 200
[2015-03-17 17:09:55.218] [TRACE] access - POST /car/custpwdrest 200
[2015-03-17 17:09:57.434] [TRACE] access - POST /car/custInfo 200
[2015-03-17 18:47:59.331] [TRACE] access - POST /car/custnew 500
[2015-03-17 18:48:12.184] [TRACE] access - POST /car/custnew 500
[2015-03-17 18:50:43.088] [TRACE] access - POST /car/custnew 500
[2015-03-17 18:51:40.810] [TRACE] access - POST /car/custnew 500
[2015-03-17 18:52:16.950] [TRACE] access - POST /car/custnew 200
[2015-03-17 18:56:37.832] [TRACE] access - POST /car/custInfo 200
[2015-03-17 19:02:40.499] [TRACE] access - GET /js/jquery.js 404
[2015-03-17 19:03:21.801] [TRACE] access - POST /car/custdemo 200
[2015-03-17 19:03:23.209] [TRACE] access - POST /car/custInfo 200
[2015-03-17 19:03:25.995] [TRACE] access - POST /car/custdemo 200
[2015-03-17 19:03:26.352] [TRACE] access - POST /car/custInfo 200
[2015-03-17 19:03:26.883] [TRACE] access - POST /car/custdemo 200
[2015-03-17 19:03:27.235] [TRACE] access - POST /car/custInfo 200
[2015-03-17 19:03:27.809] [TRACE] access - POST /car/custdemo 200
[2015-03-17 19:03:28.109] [TRACE] access - POST /car/custInfo 200
[2015-03-17 19:03:29.086] [TRACE] access - POST /car/custdemo 200
[2015-03-17 19:03:29.518] [TRACE] access - POST /car/custInfo 200
[2015-03-17 19:03:30.169] [TRACE] access - POST /car/custdemo 200
[2015-03-17 19:03:30.479] [TRACE] access - POST /car/custInfo 200
[2015-03-17 19:03:52.385] [TRACE] access - POST /car/custpwdrest 200
[2015-03-17 19:06:54.809] [TRACE] access - POST /car/custpwdrest 200
[2015-03-17 19:12:39.732] [TRACE] access - POST /car/custnew 200
[2015-03-17 19:15:22.981] [TRACE] access - POST /car/custnew 200
[2015-03-17 19:16:46.154] [TRACE] access - POST /car/custnew 200
[2015-03-17 19:27:00.682] [TRACE] access - POST /car/custnew 200
[2015-03-17 19:27:48.504] [TRACE] access - POST /car/custnew 200
[2015-03-17 19:28:39.633] [TRACE] access - POST /car/custnew 200
[2015-03-17 19:29:03.775] [TRACE] access - POST /car/custnew 200
[2015-03-17 19:35:04.143] [TRACE] access - POST /car/custnew 200
[2015-03-17 19:37:42.542] [TRACE] access - POST /car/custnew 200
[2015-03-17 19:38:41.007] [TRACE] access - POST /car/custnew 200
[2015-03-17 19:39:54.456] [TRACE] access - POST /car/custnew 200
[2015-03-17 19:40:35.629] [TRACE] access - POST /car/custnew 200
[2015-03-17 19:41:19.768] [TRACE] access - POST /car/custnew 200
[2015-03-17 19:42:16.747] [TRACE] access - POST /car/custnew 200
[2015-03-17 19:56:29.726] [TRACE] access - POST /car/custdemo 200
[2015-03-17 19:57:28.372] [TRACE] access - POST /car/custnew 200
[2015-03-17 20:07:52.692] [TRACE] access - POST /car/custnew 200
[2015-03-17 20:09:43.137] [TRACE] access - POST /car/custInfo 200
[2015-03-17 20:10:27.991] [TRACE] access - POST /car/custInfo 200
[2015-03-17 20:10:35.610] [TRACE] access - POST /car/custInfo 200
[2015-03-17 20:11:20.703] [TRACE] access - POST /car/custInfo 200
[2015-03-17 20:12:29.450] [TRACE] access - POST /car/custnew 200
[2015-03-17 20:13:10.980] [TRACE] access - POST /car/custnew 200
[2015-03-17 20:14:08.406] [TRACE] access - POST /car/custInfo 200
[2015-03-17 20:14:11.508] [TRACE] access - POST /car/custInfo 200
[2015-03-17 20:26:08.325] [TRACE] access - POST /car/custnew 200
[2015-03-17 20:27:18.699] [TRACE] access - POST /car/custInfo 200
[2015-03-17 20:31:23.584] [TRACE] access - POST /car/custInfo 200
[2015-03-17 20:33:53.207] [TRACE] access - POST /car/custInfo 500
[2015-03-17 20:35:24.555] [TRACE] access - POST /car/custInfo 200
[2015-03-17 20:39:36.339] [TRACE] access - POST /car/custnew 200
[2015-03-17 20:39:51.321] [TRACE] access - POST /car/custnew 200
[2015-03-17 20:39:56.436] [TRACE] access - POST /car/custInfo 200
[2015-03-17 20:40:54.844] [TRACE] access - POST /car/custInfo 200
[2015-03-17 20:41:50.402] [TRACE] access - POST /car/custInfo 200
[2015-03-17 20:43:11.301] [TRACE] access - POST /car/custInfo 200
[2015-03-17 20:51:34.155] [TRACE] access - POST /car/custInfo 200
[2015-03-17 20:52:32.721] [TRACE] access - POST /car/custInfo 200
[2015-03-17 20:53:17.472] [TRACE] access - POST /car/custInfo 200
[2015-03-17 20:53:59.136] [TRACE] access - POST /car/custInfo 200
[2015-03-17 20:57:11.082] [TRACE] access - POST /car/custInfo 200
[2015-03-17 20:59:14.597] [TRACE] access - POST /car/custInfo 200
[2015-03-17 20:59:37.888] [TRACE] access - POST /car/custnew 200
[2015-03-17 21:01:36.371] [TRACE] access - POST /car/custnew 200
[2015-03-17 21:02:49.957] [TRACE] access - POST /car/custnew 200
[2015-03-17 21:03:48.805] [TRACE] access - POST /car/custnew 200
[2015-03-17 21:07:29.032] [TRACE] access - POST /car/custInfo 200
[2015-03-17 21:12:01.502] [TRACE] access - POST /car/custdemo 500
[2015-03-17 21:12:40.878] [TRACE] access - POST /car/custdemo 200
[2015-03-17 21:12:50.345] [TRACE] access - POST /car/custInfo 200
[2015-03-17 21:12:52.558] [TRACE] access - POST /car/custdemo 200
[2015-03-17 21:12:53.078] [TRACE] access - POST /car/custInfo 200
[2015-03-17 21:12:54.438] [TRACE] access - POST /car/custnew 200
[2015-03-17 21:12:55.459] [TRACE] access - POST /car/custnew 200
[2015-03-17 21:12:57.203] [TRACE] access - POST /car/custInfo 200
[2015-03-17 21:12:59.337] [TRACE] access - POST /car/custpwdrest 200
[2015-03-17 21:13:01.730] [TRACE] access - POST /car/custInfo 200
[2015-03-17 21:14:13.593] [TRACE] access - POST /car/custnew 200
[2015-03-17 21:14:33.054] [TRACE] access - GET /js/jquery.js 404
[2015-03-17 21:14:55.824] [TRACE] access - POST /car/custnew 200
[2015-03-17 21:17:12.988] [TRACE] access - POST /car/custpwdrest 200
[2015-03-17 22:17:10.966] [TRACE] access - POST /car/custInfo 200
[2015-03-17 22:17:14.038] [TRACE] access - POST /car/custpwdrest 200
[2015-03-17 22:18:11.739] [TRACE] access - POST /car/custpwdrest 200
[2015-03-17 22:18:37.138] [TRACE] access - POST /car/custlogin 200
[2015-03-17 22:18:44.857] [TRACE] access - POST /car/custInfo 200
[2015-03-17 22:18:52.129] [TRACE] access - POST /car/custlogin 200
[2015-03-17 22:18:55.429] [TRACE] access - GET /js/jquery.js 404
[2015-03-17 22:19:01.912] [TRACE] access - POST /car/custlogin 200
[2015-03-17 22:19:09.759] [TRACE] access - POST /car/custlogin 200
[2015-03-17 22:19:50.774] [TRACE] access - POST /car/custdemo 200
[2015-03-17 22:19:56.646] [TRACE] access - POST /car/custnew 200
[2015-03-17 22:19:58.144] [TRACE] access - POST /car/custnew 200
[2015-03-17 22:29:09.214] [TRACE] access - POST /car/custInfo 200
[2015-03-17 22:29:11.098] [TRACE] access - POST /car/custnew 200
[2015-03-17 22:29:12.426] [TRACE] access - POST /car/custlogin 200
[2015-03-17 22:29:22.558] [TRACE] access - POST /car/custpwdrest 200
[2015-03-17 22:29:26.313] [TRACE] access - POST /car/custlogin 200
[2015-03-17 23:25:39.938] [TRACE] access - POST /car/custpwdrest 200
[2015-03-17 23:25:44.017] [TRACE] access - POST /car/custlogin 200
[2015-03-17 23:30:06.175] [TRACE] access - POST /car/custpwdrest 200
[2015-03-17 23:30:11.030] [TRACE] access - POST /car/custlogin 200
[2015-03-17 23:42:12.905] [TRACE] access - POST /car/custpwdrest 200
[2015-03-17 23:42:20.375] [TRACE] access - POST /car/custlogin 200
[2015-03-17 23:42:47.443] [TRACE] access - POST /car/custpwdrest 200
[2015-03-17 23:43:01.105] [TRACE] access - POST /car/custlogin 200
[2015-03-17 23:50:28.267] [TRACE] access - POST /car/custpwdrest 200
[2015-03-17 23:50:44.550] [TRACE] access - POST /car/custlogin 200
[2015-03-17 23:50:59.040] [TRACE] access - POST /car/custpwdrest 200
[2015-03-17 23:51:05.936] [TRACE] access - POST /car/custlogin 200
[2015-03-17 23:52:09.061] [TRACE] access - POST /car/custpwdrest 200
[2015-03-17 23:52:13.629] [TRACE] access - POST /car/custlogin 200
[2015-03-17 23:52:35.159] [TRACE] access - POST /car/custpwdrest 200
[2015-03-17 23:52:38.309] [TRACE] access - POST /car/custlogin 200
[2015-03-17 23:52:48.416] [TRACE] access - POST /car/custpwdrest 200
[2015-03-17 23:52:55.490] [TRACE] access - POST /car/custlogin 200
[2015-03-17 23:53:56.790] [TRACE] access - POST /car/custpwdrest 200
[2015-03-17 23:53:59.957] [TRACE] access - POST /car/custlogin 200
[2015-03-17 23:55:05.430] [TRACE] access - POST /car/custInfo 200
[2015-03-17 23:55:07.447] [TRACE] access - POST /car/custnew 200
[2015-03-18 08:16:20.612] [TRACE] access - POST /car/custnew 200
[2015-03-18 08:38:57.726] [TRACE] access - POST /car/custnew 200
[2015-03-18 15:43:52.249] [TRACE] access - POST /car/custnew 200
[2015-03-18 15:44:16.921] [TRACE] access - POST /car/custpwdrest 200
[2015-03-18 15:44:48.389] [TRACE] access - POST /car/custnew 200
[2015-03-18 15:45:06.294] [TRACE] access - POST /car/custdemo 200
[2015-03-18 15:45:08.352] [TRACE] access - POST /car/custInfo 200
[2015-03-18 15:45:09.187] [TRACE] access - POST /car/custdemo 200
[2015-03-18 15:45:31.480] [TRACE] access - POST /car/custnew 200
[2015-03-18 15:46:50.287] [TRACE] access - POST /car/custpwdrest 200
[2015-03-18 15:47:03.507] [TRACE] access - POST /car/custpwdrest 200
[2015-03-18 15:47:03.729] [TRACE] access - POST /car/custpwdrest 200
[2015-03-18 15:47:03.890] [TRACE] access - POST /car/custpwdrest 200
[2015-03-18 15:47:04.053] [TRACE] access - POST /car/custpwdrest 200
[2015-03-18 15:47:04.192] [TRACE] access - POST /car/custpwdrest 200
[2015-03-18 15:47:04.337] [TRACE] access - POST /car/custpwdrest 200
[2015-03-18 15:47:04.492] [TRACE] access - POST /car/custpwdrest 200
[2015-03-18 15:47:04.622] [TRACE] access - POST /car/custpwdrest 200
[2015-03-18 15:47:04.747] [TRACE] access - POST /car/custpwdrest 200
[2015-03-18 15:47:04.900] [TRACE] access - POST /car/custpwdrest 200
[2015-03-18 15:47:05.193] [TRACE] access - POST /car/custpwdrest 200
[2015-03-18 15:47:05.338] [TRACE] access - POST /car/custpwdrest 200
[2015-03-18 15:47:05.466] [TRACE] access - POST /car/custpwdrest 200
[2015-03-18 15:47:05.739] [TRACE] access - POST /car/custpwdrest 200
[2015-03-18 15:47:06.125] [TRACE] access - POST /car/custpwdrest 200
[2015-03-18 15:47:06.189] [TRACE] access - POST /car/custpwdrest 200
[2015-03-18 15:47:39.679] [TRACE] access - POST /car/custpwdrest 200
[2015-03-18 15:47:46.104] [TRACE] access - POST /car/custpwdrest 200
[2015-03-18 15:47:46.570] [TRACE] access - POST /car/custpwdrest 200
[2015-03-18 15:47:46.961] [TRACE] access - POST /car/custpwdrest 200
[2015-03-18 15:47:47.345] [TRACE] access - POST /car/custpwdrest 200
[2015-03-18 15:47:52.640] [TRACE] access - POST /car/custpwdrest 200
[2015-03-18 15:47:53.170] [TRACE] access - POST /car/custpwdrest 200
[2015-03-18 15:47:53.495] [TRACE] access - POST /car/custpwdrest 200
[2015-03-18 15:47:53.751] [TRACE] access - POST /car/custpwdrest 200
[2015-03-18 15:47:54.018] [TRACE] access - POST /car/custpwdrest 200
[2015-03-18 15:48:43.004] [TRACE] access - POST /car/custpwdrest 200
[2015-03-18 15:48:43.852] [TRACE] access - POST /car/custpwdrest 200
[2015-03-18 15:48:44.311] [TRACE] access - POST /car/custpwdrest 200
[2015-03-18 15:48:44.592] [TRACE] access - POST /car/custpwdrest 200
[2015-03-18 15:48:44.904] [TRACE] access - POST /car/custpwdrest 200
[2015-03-18 15:48:56.788] [TRACE] access - POST /car/custpwdrest 200
[2015-03-18 15:49:00.649] [TRACE] access - POST /car/custpwdrest 200
[2015-03-18 15:49:00.786] [TRACE] access - POST /car/custpwdrest 200
[2015-03-18 15:49:00.941] [TRACE] access - POST /car/custpwdrest 200
[2015-03-18 15:49:01.082] [TRACE] access - POST /car/custpwdrest 200
[2015-03-18 15:49:01.248] [TRACE] access - POST /car/custpwdrest 200
[2015-03-18 15:49:01.375] [TRACE] access - POST /car/custpwdrest 200
[2015-03-18 15:49:01.532] [TRACE] access - POST /car/custpwdrest 200
[2015-03-18 15:49:01.685] [TRACE] access - POST /car/custpwdrest 200
[2015-03-18 15:49:01.842] [TRACE] access - POST /car/custpwdrest 200
[2015-03-18 15:49:02.001] [TRACE] access - POST /car/custpwdrest 200
[2015-03-18 15:49:02.154] [TRACE] access - POST /car/custpwdrest 200
[2015-03-18 15:49:02.301] [TRACE] access - POST /car/custpwdrest 200
[2015-03-18 15:49:02.450] [TRACE] access - POST /car/custpwdrest 200
[2015-03-18 15:49:02.583] [TRACE] access - POST /car/custpwdrest 200
[2015-03-18 15:49:02.757] [TRACE] access - POST /car/custpwdrest 200
[2015-03-18 15:49:02.876] [TRACE] access - POST /car/custpwdrest 200
[2015-03-18 15:49:03.034] [TRACE] access - POST /car/custpwdrest 200
[2015-03-18 15:49:03.186] [TRACE] access - POST /car/custpwdrest 200
[2015-03-18 15:49:03.341] [TRACE] access - POST /car/custpwdrest 200
[2015-03-18 15:49:03.494] [TRACE] access - POST /car/custpwdrest 200
[2015-03-18 15:49:03.640] [TRACE] access - POST /car/custpwdrest 200
[2015-03-18 16:25:15.297] [TRACE] access - POST /car/custInfo 200
[2015-03-18 16:25:18.301] [TRACE] access - POST /car/custlogin 200
[2015-03-18 16:25:25.717] [TRACE] access - POST /car/custnew 200
[2015-03-18 16:25:28.390] [TRACE] access - POST /car/custpwdrest 200
[2015-03-18 16:25:32.107] [TRACE] access - POST /car/custlogin 200
[2015-03-18 16:32:22.797] [TRACE] access - POST /car/custInfo 200
[2015-03-18 16:34:42.001] [TRACE] access - POST /car/custInfo 200
[2015-03-18 16:34:44.076] [TRACE] access - POST /car/custdemo 200
[2015-03-18 16:34:46.866] [TRACE] access - POST /car/custInfo 200
[2015-03-18 16:34:48.379] [TRACE] access - POST /car/custlogin 200
[2015-03-18 16:34:51.953] [TRACE] access - POST /car/custpwdrest 200
[2015-03-18 16:34:55.087] [TRACE] access - POST /car/custlogin 200
[2015-03-18 16:35:30.806] [TRACE] access - POST /car/custlogin 200
[2015-03-18 16:35:32.638] [TRACE] access - POST /car/custlogin 200
[2015-03-18 16:37:13.278] [TRACE] access - POST /car/custpwdrest 200
[2015-03-18 16:37:47.117] [TRACE] access - POST /car/custdemo 200
[2015-03-18 16:37:52.668] [TRACE] access - POST /car/custInfo 200
[2015-03-18 16:38:07.006] [TRACE] access - POST /car/custlogin 200
[2015-03-18 16:38:10.826] [TRACE] access - POST /car/custnew 200
[2015-03-18 16:38:12.310] [TRACE] access - POST /car/custnew 200
[2015-03-18 18:44:48.218] [TRACE] access - POST /car/custdemo 200
[2015-03-18 18:44:54.463] [TRACE] access - POST /car/custInfo 200
[2015-03-18 18:44:55.290] [TRACE] access - POST /car/custnew 200
[2015-03-18 18:44:57.272] [TRACE] access - POST /car/custdemo 200
[2015-03-18 18:44:57.912] [TRACE] access - POST /car/custInfo 200
[2015-03-18 18:45:13.107] [TRACE] access - POST /car/custdemo 200
[2015-03-18 18:45:16.222] [TRACE] access - POST /car/custnew 200
[2015-03-18 18:45:52.514] [TRACE] access - POST /car/custnew 200
[2015-03-18 18:45:54.147] [TRACE] access - POST /car/custInfo 200
[2015-03-18 18:45:57.125] [TRACE] access - POST /car/custpwdrest 200
[2015-03-18 18:46:00.779] [TRACE] access - POST /car/custlogin 200
[2015-03-18 18:46:03.276] [TRACE] access - POST /car/custdemo 200
[2015-03-18 18:46:04.824] [TRACE] access - POST /car/custInfo 200
[2015-03-18 19:04:56.897] [TRACE] access - POST /car/custnew 200
[2015-03-18 19:06:10.659] [TRACE] access - POST /car/custnew 200
[2015-03-18 20:22:14.458] [TRACE] access - POST /car/custdemo 200
[2015-03-18 20:22:18.971] [TRACE] access - POST /car/custInfo 200
[2015-03-18 20:22:20.847] [TRACE] access - POST /car/custpwdrest 200
[2015-03-18 20:22:23.228] [TRACE] access - POST /car/custpwdrest 200
[2015-03-18 20:22:25.909] [TRACE] access - POST /car/custlogin 200
[2015-03-18 20:25:31.869] [TRACE] access - POST /car/custInfo 200
[2015-03-18 20:25:36.568] [TRACE] access - POST /car/custpwdrest 200
[2015-03-18 20:25:38.654] [TRACE] access - POST /car/custpwdrest 200
[2015-03-18 20:25:39.047] [TRACE] access - POST /car/custpwdrest 200
[2015-03-18 20:25:39.432] [TRACE] access - POST /car/custpwdrest 200
[2015-03-18 20:25:39.750] [TRACE] access - POST /car/custpwdrest 200
[2015-03-18 20:25:40.139] [TRACE] access - POST /car/custpwdrest 200
[2015-03-18 20:25:40.299] [TRACE] access - POST /car/custpwdrest 200
[2015-03-18 20:25:40.467] [TRACE] access - POST /car/custpwdrest 200
[2015-03-18 20:25:40.631] [TRACE] access - POST /car/custpwdrest 200
[2015-03-18 20:25:40.789] [TRACE] access - POST /car/custpwdrest 200
[2015-03-18 20:25:40.934] [TRACE] access - POST /car/custpwdrest 200
[2015-03-18 20:25:41.112] [TRACE] access - POST /car/custpwdrest 200
[2015-03-18 20:25:41.287] [TRACE] access - POST /car/custpwdrest 200
[2015-03-18 20:25:41.443] [TRACE] access - POST /car/custpwdrest 200
[2015-03-18 20:25:41.595] [TRACE] access - POST /car/custpwdrest 200
[2015-03-18 20:25:41.791] [TRACE] access - POST /car/custpwdrest 200
[2015-03-18 20:25:41.941] [TRACE] access - POST /car/custpwdrest 200
[2015-03-18 20:25:42.114] [TRACE] access - POST /car/custpwdrest 200
[2015-03-18 20:25:42.276] [TRACE] access - POST /car/custpwdrest 200
[2015-03-18 20:25:42.462] [TRACE] access - POST /car/custpwdrest 200
[2015-03-18 20:25:42.648] [TRACE] access - POST /car/custpwdrest 200
[2015-03-18 20:25:42.797] [TRACE] access - POST /car/custpwdrest 200
[2015-03-18 20:25:42.986] [TRACE] access - POST /car/custpwdrest 200
[2015-03-18 20:25:43.166] [TRACE] access - POST /car/custpwdrest 200
[2015-03-18 20:25:43.334] [TRACE] access - POST /car/custpwdrest 200
[2015-03-18 20:25:43.534] [TRACE] access - POST /car/custpwdrest 200
[2015-03-18 20:25:43.711] [TRACE] access - POST /car/custpwdrest 200
[2015-03-18 20:25:43.870] [TRACE] access - POST /car/custpwdrest 200
[2015-03-18 20:25:44.059] [TRACE] access - POST /car/custpwdrest 200
[2015-03-18 20:25:44.215] [TRACE] access - POST /car/custpwdrest 200
[2015-03-18 20:26:25.471] [TRACE] access - POST /car/custpwdrest 200
[2015-03-18 20:26:25.644] [TRACE] access - POST /car/custpwdrest 200
[2015-03-18 20:26:25.964] [TRACE] access - POST /car/custpwdrest 200
[2015-03-18 20:26:26.126] [TRACE] access - POST /car/custpwdrest 200
[2015-03-18 20:26:26.328] [TRACE] access - POST /car/custpwdrest 200
[2015-03-18 20:26:26.490] [TRACE] access - POST /car/custpwdrest 200
[2015-03-18 20:26:26.666] [TRACE] access - POST /car/custpwdrest 200
[2015-03-18 20:26:26.815] [TRACE] access - POST /car/custpwdrest 200
[2015-03-18 20:26:26.986] [TRACE] access - POST /car/custpwdrest 200
[2015-03-18 20:26:27.165] [TRACE] access - POST /car/custpwdrest 200
[2015-03-18 20:26:27.357] [TRACE] access - POST /car/custpwdrest 200
[2015-03-18 20:26:27.520] [TRACE] access - POST /car/custpwdrest 200
[2015-03-18 20:26:27.722] [TRACE] access - POST /car/custpwdrest 200
[2015-03-18 20:26:27.870] [TRACE] access - POST /car/custpwdrest 200
[2015-03-18 20:26:28.063] [TRACE] access - POST /car/custpwdrest 200
[2015-03-18 20:26:28.247] [TRACE] access - POST /car/custpwdrest 200
[2015-03-18 20:26:28.435] [TRACE] access - POST /car/custpwdrest 200
[2015-03-18 20:26:28.611] [TRACE] access - POST /car/custpwdrest 200
[2015-03-18 20:26:28.798] [TRACE] access - POST /car/custpwdrest 200
[2015-03-18 20:26:29.159] [TRACE] access - POST /car/custpwdrest 200
[2015-03-18 20:26:29.339] [TRACE] access - POST /car/custpwdrest 200
[2015-03-18 20:26:29.529] [TRACE] access - POST /car/custpwdrest 200
[2015-03-18 20:26:29.715] [TRACE] access - POST /car/custpwdrest 200
[2015-03-18 20:26:29.921] [TRACE] access - POST /car/custpwdrest 200
[2015-03-18 20:26:30.100] [TRACE] access - POST /car/custpwdrest 200
[2015-03-18 20:26:30.301] [TRACE] access - POST /car/custpwdrest 200
[2015-03-18 20:26:30.493] [TRACE] access - POST /car/custpwdrest 200
[2015-03-18 20:26:30.685] [TRACE] access - POST /car/custpwdrest 200
[2015-03-18 20:26:30.879] [TRACE] access - POST /car/custpwdrest 200
[2015-03-18 20:26:31.028] [TRACE] access - POST /car/custpwdrest 200
[2015-03-18 20:26:31.221] [TRACE] access - POST /car/custpwdrest 200
[2015-03-18 20:26:31.570] [TRACE] access - POST /car/custpwdrest 200
[2015-03-18 20:26:32.629] [TRACE] access - POST /car/custpwdrest 200
[2015-03-18 20:26:32.805] [TRACE] access - POST /car/custpwdrest 200
[2015-03-18 20:26:33.006] [TRACE] access - POST /car/custpwdrest 200
[2015-03-18 20:26:33.199] [TRACE] access - POST /car/custpwdrest 200
[2015-03-18 20:26:33.383] [TRACE] access - POST /car/custpwdrest 200
[2015-03-18 20:26:33.586] [TRACE] access - POST /car/custpwdrest 200
[2015-03-18 20:26:33.764] [TRACE] access - POST /car/custpwdrest 200
[2015-03-18 20:26:33.957] [TRACE] access - POST /car/custpwdrest 200
[2015-03-18 20:26:34.109] [TRACE] access - POST /car/custpwdrest 200
[2015-03-18 20:26:34.274] [TRACE] access - POST /car/custpwdrest 200
[2015-03-18 20:26:38.310] [TRACE] access - POST /car/custpwdrest 200
[2015-03-18 20:26:38.620] [TRACE] access - POST /car/custpwdrest 200
[2015-03-18 20:26:38.826] [TRACE] access - POST /car/custpwdrest 200
[2015-03-18 20:26:38.972] [TRACE] access - POST /car/custpwdrest 200
[2015-03-18 20:26:39.134] [TRACE] access - POST /car/custpwdrest 200
[2015-03-18 20:26:39.303] [TRACE] access - POST /car/custpwdrest 200
[2015-03-18 20:26:39.497] [TRACE] access - POST /car/custpwdrest 200
[2015-03-18 20:26:39.663] [TRACE] access - POST /car/custpwdrest 200
[2015-03-18 20:26:39.857] [TRACE] access - POST /car/custpwdrest 200
[2015-03-18 20:26:40.021] [TRACE] access - POST /car/custpwdrest 200
[2015-03-18 20:26:40.369] [TRACE] access - POST /car/custpwdrest 200
[2015-03-18 20:26:40.539] [TRACE] access - POST /car/custpwdrest 200
[2015-03-18 20:26:40.733] [TRACE] access - POST /car/custpwdrest 200
[2015-03-18 20:26:41.079] [TRACE] access - POST /car/custpwdrest 200
[2015-03-18 20:26:41.254] [TRACE] access - POST /car/custpwdrest 200
[2015-03-18 20:26:41.446] [TRACE] access - POST /car/custpwdrest 200
[2015-03-18 20:26:41.654] [TRACE] access - POST /car/custpwdrest 200
[2015-03-18 20:26:41.819] [TRACE] access - POST /car/custpwdrest 200
[2015-03-18 20:26:42.018] [TRACE] access - POST /car/custpwdrest 200
[2015-03-18 20:26:42.204] [TRACE] access - POST /car/custpwdrest 200
[2015-03-18 20:26:42.410] [TRACE] access - POST /car/custpwdrest 200
[2015-03-18 20:26:42.595] [TRACE] access - POST /car/custpwdrest 200
[2015-03-18 20:26:42.820] [TRACE] access - POST /car/custpwdrest 200
[2015-03-18 20:26:43.030] [TRACE] access - POST /car/custpwdrest 200
[2015-03-18 20:26:43.235] [TRACE] access - POST /car/custpwdrest 200
[2015-03-18 20:26:43.433] [TRACE] access - POST /car/custpwdrest 200
[2015-03-18 20:26:43.617] [TRACE] access - POST /car/custpwdrest 200
[2015-03-18 20:26:43.777] [TRACE] access - POST /car/custpwdrest 200
[2015-03-18 20:26:43.988] [TRACE] access - POST /car/custpwdrest 200
[2015-03-18 20:26:44.180] [TRACE] access - POST /car/custpwdrest 200
[2015-03-18 20:26:44.357] [TRACE] access - POST /car/custpwdrest 200
[2015-03-18 20:26:44.556] [TRACE] access - POST /car/custpwdrest 200
[2015-03-18 20:26:44.751] [TRACE] access - POST /car/custpwdrest 200
[2015-03-18 20:26:44.916] [TRACE] access - POST /car/custpwdrest 200
[2015-03-18 20:26:45.119] [TRACE] access - POST /car/custpwdrest 200
[2015-03-18 20:26:45.292] [TRACE] access - POST /car/custpwdrest 200
[2015-03-18 20:26:45.481] [TRACE] access - POST /car/custpwdrest 200
[2015-03-18 20:26:45.688] [TRACE] access - POST /car/custpwdrest 200
[2015-03-18 20:26:46.242] [TRACE] access - POST /car/custpwdrest 200
[2015-03-18 20:26:46.445] [TRACE] access - POST /car/custpwdrest 200
[2015-03-18 20:26:46.677] [TRACE] access - POST /car/custpwdrest 200
[2015-03-18 20:26:46.901] [TRACE] access - POST /car/custpwdrest 200
[2015-03-18 20:26:47.084] [TRACE] access - POST /car/custpwdrest 200
[2015-03-18 20:26:47.281] [TRACE] access - POST /car/custpwdrest 200
[2015-03-18 20:26:47.458] [TRACE] access - POST /car/custpwdrest 200
[2015-03-18 20:26:47.672] [TRACE] access - POST /car/custpwdrest 200
[2015-03-18 20:26:47.880] [TRACE] access - POST /car/custpwdrest 200
[2015-03-18 20:26:48.077] [TRACE] access - POST /car/custpwdrest 200
[2015-03-18 20:26:48.301] [TRACE] access - POST /car/custpwdrest 200
[2015-03-18 20:26:48.472] [TRACE] access - POST /car/custpwdrest 200
[2015-03-18 20:26:48.712] [TRACE] access - POST /car/custpwdrest 200
[2015-03-18 20:26:48.888] [TRACE] access - POST /car/custpwdrest 200
[2015-03-18 20:26:49.084] [TRACE] access - POST /car/custpwdrest 200
[2015-03-18 20:26:49.264] [TRACE] access - POST /car/custpwdrest 200
[2015-03-18 20:26:49.466] [TRACE] access - POST /car/custpwdrest 200
[2015-03-18 20:26:49.695] [TRACE] access - POST /car/custpwdrest 200
[2015-03-18 20:26:49.871] [TRACE] access - POST /car/custpwdrest 200
[2015-03-18 20:26:50.076] [TRACE] access - POST /car/custpwdrest 200
[2015-03-18 20:26:50.306] [TRACE] access - POST /car/custpwdrest 200
[2015-03-18 20:26:50.492] [TRACE] access - POST /car/custpwdrest 200
[2015-03-18 20:26:50.689] [TRACE] access - POST /car/custpwdrest 200
[2015-03-18 20:26:50.875] [TRACE] access - POST /car/custpwdrest 200
[2015-03-18 20:26:51.077] [TRACE] access - POST /car/custpwdrest 200
[2015-03-18 20:26:51.281] [TRACE] access - POST /car/custpwdrest 200
[2015-03-18 20:26:51.480] [TRACE] access - POST /car/custpwdrest 200
[2015-03-18 20:26:51.675] [TRACE] access - POST /car/custpwdrest 200
[2015-03-18 20:26:51.884] [TRACE] access - POST /car/custpwdrest 200
[2015-03-18 20:26:52.103] [TRACE] access - POST /car/custpwdrest 200
[2015-03-18 20:26:52.639] [TRACE] access - POST /car/custpwdrest 200
[2015-03-18 20:26:52.783] [TRACE] access - POST /car/custpwdrest 200
[2015-03-18 20:26:53.021] [TRACE] access - POST /car/custpwdrest 200
[2015-03-18 20:26:53.254] [TRACE] access - POST /car/custpwdrest 200
[2015-03-18 20:26:53.420] [TRACE] access - POST /car/custpwdrest 200
[2015-03-18 20:26:53.615] [TRACE] access - POST /car/custpwdrest 200
[2015-03-18 20:26:53.817] [TRACE] access - POST /car/custpwdrest 200
[2015-03-18 20:26:54.016] [TRACE] access - POST /car/custpwdrest 200
[2015-03-18 20:26:54.209] [TRACE] access - POST /car/custpwdrest 200
[2015-03-18 20:26:54.422] [TRACE] access - POST /car/custpwdrest 200
[2015-03-18 20:26:54.670] [TRACE] access - POST /car/custpwdrest 200
[2015-03-18 20:26:54.837] [TRACE] access - POST /car/custpwdrest 200
[2015-03-18 20:26:55.034] [TRACE] access - POST /car/custpwdrest 200
[2015-03-18 20:26:55.254] [TRACE] access - POST /car/custpwdrest 200
[2015-03-18 20:26:55.463] [TRACE] access - POST /car/custpwdrest 200
[2015-03-18 20:26:55.655] [TRACE] access - POST /car/custpwdrest 200
[2015-03-18 20:26:55.853] [TRACE] access - POST /car/custpwdrest 200
[2015-03-18 20:26:56.073] [TRACE] access - POST /car/custpwdrest 200
[2015-03-18 20:26:56.273] [TRACE] access - POST /car/custpwdrest 200
[2015-03-18 20:26:56.482] [TRACE] access - POST /car/custpwdrest 200
[2015-03-18 20:26:56.681] [TRACE] access - POST /car/custpwdrest 200
[2015-03-18 20:26:56.904] [TRACE] access - POST /car/custpwdrest 200
[2015-03-18 20:26:57.100] [TRACE] access - POST /car/custpwdrest 200
[2015-03-18 20:26:57.278] [TRACE] access - POST /car/custpwdrest 200
[2015-03-18 20:26:57.470] [TRACE] access - POST /car/custpwdrest 200
[2015-03-18 20:26:57.663] [TRACE] access - POST /car/custpwdrest 200
[2015-03-18 20:26:57.860] [TRACE] access - POST /car/custpwdrest 200
[2015-03-18 20:26:58.041] [TRACE] access - POST /car/custpwdrest 200
[2015-03-18 20:26:58.237] [TRACE] access - POST /car/custpwdrest 200
[2015-03-18 20:26:58.433] [TRACE] access - POST /car/custpwdrest 200
[2015-03-18 20:26:58.608] [TRACE] access - POST /car/custpwdrest 200
[2015-03-18 20:26:58.791] [TRACE] access - POST /car/custpwdrest 200
[2015-03-18 20:26:58.962] [TRACE] access - POST /car/custpwdrest 200
[2015-03-18 20:26:59.276] [TRACE] access - POST /car/custpwdrest 200
[2015-03-18 20:26:59.459] [TRACE] access - POST /car/custpwdrest 200
[2015-03-18 20:26:59.635] [TRACE] access - POST /car/custpwdrest 200
[2015-03-18 20:26:59.813] [TRACE] access - POST /car/custpwdrest 200
[2015-03-18 20:27:00.124] [TRACE] access - POST /car/custpwdrest 200
[2015-03-18 20:27:00.311] [TRACE] access - POST /car/custpwdrest 200
[2015-03-18 20:27:00.421] [TRACE] access - POST /car/custpwdrest 200
[2015-03-18 20:27:00.560] [TRACE] access - POST /car/custpwdrest 200
[2015-03-18 20:27:00.706] [TRACE] access - POST /car/custpwdrest 200
[2015-03-18 20:27:00.883] [TRACE] access - POST /car/custpwdrest 200
[2015-03-18 20:27:01.035] [TRACE] access - POST /car/custpwdrest 200
[2015-03-18 20:27:01.168] [TRACE] access - POST /car/custpwdrest 200
[2015-03-18 20:27:01.329] [TRACE] access - POST /car/custpwdrest 200
[2015-03-18 20:27:01.482] [TRACE] access - POST /car/custpwdrest 200
[2015-03-18 20:27:01.660] [TRACE] access - POST /car/custpwdrest 200
[2015-03-18 20:27:01.792] [TRACE] access - POST /car/custpwdrest 200
[2015-03-18 20:27:01.936] [TRACE] access - POST /car/custpwdrest 200
[2015-03-18 20:49:07.996] [TRACE] access - POST /car/custInfo 200
[2015-03-18 20:49:10.219] [TRACE] access - POST /car/custInfo 200
[2015-03-18 20:49:11.019] [TRACE] access - POST /car/custdemo 200
[2015-03-18 20:49:11.718] [TRACE] access - POST /car/custInfo 200
[2015-03-18 20:49:12.637] [TRACE] access - POST /car/custpwdrest 200
[2015-03-18 20:49:13.409] [TRACE] access - POST /car/custlogin 200
[2015-03-18 20:49:14.843] [TRACE] access - POST /car/custpwdrest 200
[2015-03-18 20:49:18.559] [TRACE] access - POST /car/custlogin 200
[2015-03-18 20:49:20.685] [TRACE] access - POST /car/custInfo 200
[2015-03-18 21:20:43.631] [TRACE] access - POST /car/custnew 200
[2015-03-18 21:20:47.447] [TRACE] access - POST /car/custpwdrest 200
[2015-03-18 21:20:51.653] [TRACE] access - POST /car/custlogin 200
[2015-03-18 21:20:53.412] [TRACE] access - POST /car/custInfo 200
[2015-03-18 21:22:34.043] [TRACE] access - POST /car/custpwdrest 200
[2015-03-18 21:22:37.727] [TRACE] access - POST /car/custlogin 200
[2015-03-18 21:24:10.929] [TRACE] access - POST /car/custpwdrest 200
[2015-03-18 21:24:13.618] [TRACE] access - POST /car/custlogin 200
[2015-03-18 21:34:28.347] [TRACE] access - POST /car/custpwdrest 200
[2015-03-18 21:34:30.904] [TRACE] access - POST /car/custpwdrest 200
[2015-03-18 21:34:35.124] [TRACE] access - POST /car/custlogin 200
[2015-03-18 21:34:36.722] [TRACE] access - POST /car/custInfo 200
[2015-03-18 21:35:06.407] [TRACE] access - POST /car/custpwdrest 200
[2015-03-18 21:35:11.957] [TRACE] access - POST /car/custlogin 200
[2015-03-18 21:35:27.699] [TRACE] access - POST /car/custInfo 200
[2015-03-25 13:13:19.215] [TRACE] access - GET /login.html 404
[2015-03-25 13:13:23.952] [TRACE] access - GET /frameInfo 200
[2015-03-25 13:13:23.960] [TRACE] access - GET /routePages 200
[2015-03-25 13:13:24.294] [TRACE] access - POST /testdata 200
[2015-03-25 13:13:24.307] [TRACE] access - GET /userMenus 200
[2015-03-25 13:13:27.326] [TRACE] access - POST /rtm/query/querymeter? 200
[2015-03-25 13:15:28.668] [TRACE] access - POST /car/custdemo 500
[2015-03-25 13:16:44.957] [TRACE] access - POST /car/custdemo 500
[2015-03-25 13:22:25.658] [TRACE] access - POST /car/custdemo 500
[2015-03-25 13:34:02.596] [TRACE] access - POST /car/custdemo 500
[2015-03-25 13:36:10.897] [TRACE] access - POST /car/custdemo 500
[2015-03-25 13:36:35.507] [TRACE] access - POST /car/custdemo 200
[2015-03-25 13:37:11.889] [TRACE] access - POST /car/custdemo 200
[2015-03-25 13:38:54.421] [TRACE] access - POST /car/custdemo 200
[2015-03-25 13:40:49.432] [TRACE] access - POST /car/custdemo 500
[2015-03-25 13:41:35.100] [TRACE] access - POST /car/custdemo 500
[2015-03-25 13:41:57.292] [TRACE] access - POST /car/custdemo 200
[2015-03-25 13:42:41.580] [TRACE] access - POST /car/custdemo 200
[2015-03-25 13:52:11.326] [TRACE] access - POST /car/custdemo 200
[2015-03-25 13:53:22.995] [TRACE] access - POST /car/custdemo 200
[2015-03-25 13:55:26.892] [TRACE] access - POST /car/custdemo 200
[2015-03-25 13:55:54.209] [TRACE] access - POST /car/custdemo 200
[2015-03-25 14:02:36.690] [TRACE] access - POST /car/custdemo 200
[2015-03-25 14:02:37.493] [TRACE] access - POST /car/custInfo 200
[2015-03-25 14:02:43.635] [TRACE] access - POST /car/custInfo 200
[2015-03-25 14:02:44.634] [TRACE] access - POST /car/custdemo 200
[2015-03-25 14:02:45.033] [TRACE] access - POST /car/custInfo 200
[2015-03-25 14:02:46.505] [TRACE] access - POST /car/custpwdrest 200
[2015-03-25 14:02:59.632] [TRACE] access - POST /car/custlogin 200
[2015-03-25 14:03:04.010] [TRACE] access - POST /car/custpwdrest 200
[2015-03-25 14:03:07.566] [TRACE] access - POST /car/custlogin 200
[2015-03-25 14:07:00.274] [TRACE] access - POST /car/custpwdrest 200
[2015-03-25 14:07:04.974] [TRACE] access - POST /car/custlogin 200
[2015-03-25 14:08:29.422] [TRACE] access - POST /car/custpwdrest 200
[2015-03-25 14:08:32.911] [TRACE] access - POST /car/custlogin 200
[2015-03-25 14:25:19.452] [TRACE] access - POST /car/custpwdrest 200
[2015-03-25 14:25:24.952] [TRACE] access - POST /car/custlogin 200
[2015-03-25 14:26:37.036] [TRACE] access - POST /car/custlogin 200
[2015-03-25 14:26:38.986] [TRACE] access - POST /car/custpwdrest 200
[2015-03-25 14:26:43.316] [TRACE] access - POST /car/custpwdrest 200
[2015-03-25 14:36:42.394] [TRACE] access - POST /car/custpwdrest 200
[2015-03-25 14:36:45.109] [TRACE] access - POST /car/custlogin 200
[2015-03-25 14:36:49.815] [TRACE] access - POST /car/custInfo 200
[2015-03-25 14:37:38.548] [TRACE] access - POST /car/custpwdrest 200
[2015-03-25 14:37:41.607] [TRACE] access - POST /car/custnew 500
[2015-03-25 14:37:47.168] [TRACE] access - POST /car/custpwdrest 200
[2015-03-25 14:37:49.868] [TRACE] access - POST /car/custInfo 200
[2015-03-25 14:37:56.336] [TRACE] access - POST /car/custdemo 200
[2015-03-25 15:01:47.695] [TRACE] access - POST /car/custInfo 200
[2015-03-25 15:01:54.564] [TRACE] access - POST /car/custpwdrest 200
[2015-03-25 15:02:00.894] [TRACE] access - POST /car/custpwdrest 200
[2015-03-25 15:02:03.309] [TRACE] access - POST /car/custInfo 200
[2015-03-25 15:02:04.911] [TRACE] access - POST /car/custpwdrest 200
[2015-03-25 15:03:00.136] [TRACE] access - POST /car/custdemo 200
[2015-03-25 15:03:01.357] [TRACE] access - POST /car/custInfo 200
[2015-03-25 15:03:02.273] [TRACE] access - POST /car/custdemo 200
[2015-03-25 15:03:12.798] [TRACE] access - POST /car/custdemo 200
[2015-03-25 15:06:02.373] [TRACE] access - POST /car/custInfo 200
[2015-03-25 15:06:08.075] [TRACE] access - POST /car/custdemo 200
[2015-03-25 15:08:13.902] [TRACE] access - POST /car/custdemo 200
[2015-03-25 15:08:53.523] [TRACE] access - POST /car/custdemo 200
[2015-03-25 15:09:17.531] [TRACE] access - POST /car/custdemo 200
[2015-03-25 15:09:43.659] [TRACE] access - POST /car/custdemo 200
[2015-03-25 15:10:45.955] [TRACE] access - POST /car/custdemo 200
[2015-03-25 15:10:48.152] [TRACE] access - POST /car/custpwdrest 200
[2015-03-25 15:10:51.763] [TRACE] access - POST /car/custlogin 200
[2015-03-25 15:10:53.537] [TRACE] access - POST /car/custInfo 200
[2015-03-25 16:08:56.375] [TRACE] access - POST /car/custpwdrest 200
[2015-03-25 19:14:44.979] [TRACE] access - POST /car/custdemo 200
[2015-03-25 19:14:46.314] [TRACE] access - POST /car/custInfo 200
[2015-03-25 19:14:53.206] [TRACE] access - POST /car/custpwdrest 200
[2015-03-25 19:14:57.335] [TRACE] access - POST /car/custlogin 200
[2015-03-25 19:16:33.554] [TRACE] access - POST /car/custpwdrest 200
[2015-03-25 19:17:59.893] [TRACE] access - POST /car/custpwdrest 200
[2015-03-25 19:19:11.134] [TRACE] access - POST /car/custpwdrest 200
[2015-03-25 19:19:40.948] [TRACE] access - POST /car/custpwdrest 200
[2015-03-25 19:19:42.261] [TRACE] access - POST /car/custpwdrest 200
[2015-03-25 19:19:42.814] [TRACE] access - POST /car/custpwdrest 200
[2015-03-25 19:19:43.277] [TRACE] access - POST /car/custpwdrest 200
[2015-03-25 19:19:43.562] [TRACE] access - POST /car/custpwdrest 200
[2015-03-25 19:19:43.724] [TRACE] access - POST /car/custpwdrest 200
[2015-03-25 19:19:43.877] [TRACE] access - POST /car/custpwdrest 200
[2015-03-25 19:19:44.041] [TRACE] access - POST /car/custpwdrest 200
[2015-03-25 19:19:45.449] [TRACE] access - POST /car/custInfo 200
[2015-03-25 20:20:34.218] [TRACE] access - POST /car/custnew 500
[2015-03-25 20:22:15.230] [TRACE] access - POST /car/custnew 500
[2015-03-25 20:27:33.335] [TRACE] access - POST /car/custdemo 500
[2015-03-25 20:28:05.990] [TRACE] access - POST /car/custdemo 200
[2015-03-25 20:28:10.353] [TRACE] access - POST /car/custInfo 200
[2015-03-25 20:28:15.493] [TRACE] access - POST /car/custnew 500
[2015-03-25 20:29:08.784] [TRACE] access - POST /car/custnew 200
[2015-03-25 20:31:51.562] [TRACE] access - POST /car/custnew 200
[2015-03-25 20:32:19.160] [TRACE] access - POST /car/custnew 200
[2015-03-25 20:54:52.539] [TRACE] access - POST /car/custnew 200
[2015-03-25 20:55:15.390] [TRACE] access - POST /car/custnew 200
[2015-03-25 20:57:51.500] [TRACE] access - POST /car/custnew 200
[2015-03-25 20:59:11.796] [TRACE] access - POST /car/custnew 200
[2015-03-25 20:59:22.417] [TRACE] access - POST /car/custnew 200
[2015-03-25 20:59:45.400] [TRACE] access - POST /car/custnew 200
[2015-03-25 21:09:55.053] [TRACE] access - POST /car/custnew 200
[2015-03-25 21:11:26.109] [TRACE] access - POST /car/custnew 200
[2015-03-25 21:15:56.362] [TRACE] access - POST /car/custnew 200
[2015-03-25 21:26:43.970] [TRACE] access - POST /car/custnew 200
[2015-03-25 21:31:17.465] [TRACE] access - POST /car/custnew 200
[2015-03-25 21:31:23.636] [TRACE] access - POST /car/custnew 200
[2015-03-25 21:31:53.444] [TRACE] access - POST /car/custnew 200
[2015-03-25 21:33:42.901] [TRACE] access - POST /car/custnew 200
[2015-03-25 21:33:48.992] [TRACE] access - POST /car/custnew 200
[2015-03-25 21:34:37.349] [TRACE] access - POST /car/custnew 200
[2015-03-25 21:35:34.815] [TRACE] access - POST /car/custnew 200
[2015-03-25 21:36:44.838] [TRACE] access - POST /car/custnew 200
[2015-03-25 21:36:56.121] [TRACE] access - POST /car/custnew 200
[2015-03-25 21:58:25.339] [TRACE] access - POST /car/custnew 200
[2015-03-25 21:59:37.874] [TRACE] access - POST /car/custnew 200
[2015-03-25 22:52:37.493] [TRACE] access - POST /car/custInfo 200
[2015-03-25 22:52:39.265] [TRACE] access - POST /car/custdemo 200
[2015-03-25 22:52:40.576] [TRACE] access - POST /car/custInfo 200
[2015-03-25 22:52:41.851] [TRACE] access - POST /car/custpwdrest 200
[2015-03-25 22:52:43.165] [TRACE] access - POST /car/custlogin 200
[2015-03-25 22:53:37.417] [TRACE] access - POST /car/custnew 200
[2015-03-26 12:47:44.319] [TRACE] access - POST /car/custdemo 200
[2015-03-26 12:47:45.670] [TRACE] access - POST /car/custInfo 200
[2015-03-26 12:47:47.683] [TRACE] access - POST /car/custnew 200
[2015-03-26 12:47:48.627] [TRACE] access - POST /car/custpwdrest 200
[2015-03-26 12:47:49.782] [TRACE] access - POST /car/custlogin 200
[2015-03-26 15:16:27.347] [TRACE] access - POST /car/custInfo 200
[2015-03-26 15:16:31.997] [TRACE] access - POST /car/custdemo 200
[2015-03-26 15:16:34.450] [TRACE] access - POST /car/custInfo 200
[2015-03-26 15:16:50.388] [TRACE] access - POST /car/custdemo 200
[2015-03-26 15:17:05.099] [TRACE] access - POST /car/custInfo 200
[2015-03-26 15:54:11.587] [TRACE] access - POST /car/custInfo 200
[2015-03-26 15:54:13.057] [TRACE] access - POST /car/custdemo 200
[2015-03-26 15:54:13.613] [TRACE] access - POST /car/custInfo 200
[2015-03-26 15:54:14.425] [TRACE] access - POST /car/custdemo 200
[2015-03-26 15:54:14.953] [TRACE] access - POST /car/custInfo 200
[2015-03-26 15:54:15.360] [TRACE] access - POST /car/custdemo 200
[2015-03-26 15:54:15.655] [TRACE] access - POST /car/custInfo 200
[2015-03-26 15:54:17.838] [TRACE] access - POST /car/custpwdrest 200
[2015-03-26 15:54:18.377] [TRACE] access - POST /car/custlogin 200
[2015-03-26 20:12:01.845] [TRACE] access - POST /car/custdemo 200
[2015-03-26 20:14:09.881] [TRACE] access - POST /car/custdemo 500
[2015-03-26 20:14:30.569] [TRACE] access - POST /car/custdemo 200
[2015-03-26 22:42:51.531] [TRACE] access - POST /car/custdemo 200
[2015-03-26 22:43:20.382] [TRACE] access - POST /car/custdemo 200
[2015-03-27 12:30:09.237] [TRACE] access - POST /car/illegalquery 200
[2015-03-27 12:30:30.783] [TRACE] access - POST /car/illegalquery 200
[2015-03-27 13:35:08.740] [TRACE] access - POST /car/illegalquery 200
[2015-03-27 13:53:47.920] [TRACE] access - POST /car/illegalquery 200
[2015-03-27 13:54:47.279] [TRACE] access - POST /car/illegalquery 200
[2015-03-27 13:55:37.898] [TRACE] access - POST /car/illegalquerybymark 200
[2015-03-27 14:14:25.150] [TRACE] access - POST /car/illegalquerybymark 200
[2015-03-27 14:20:40.855] [TRACE] access - POST /car/illegalquerybymark 200
[2015-03-27 14:20:43.577] [TRACE] access - POST /car/illegalquerybymark 200
[2015-03-27 14:20:45.744] [TRACE] access - POST /car/illegalquerybymark 200
[2015-03-27 14:20:54.120] [TRACE] access - POST /car/illegalquerybymark 200
[2015-03-27 14:20:55.003] [TRACE] access - POST /car/illegalquerybymark 200
[2015-03-27 14:20:55.351] [TRACE] access - POST /car/illegalquerybymark 200
[2015-03-27 14:20:56.136] [TRACE] access - POST /car/illegalquerybymark 200
[2015-03-27 14:21:01.412] [TRACE] access - POST /car/illegalquerybymark 200
[2015-03-27 14:21:07.689] [TRACE] access - POST /car/illegalquerybymark 200
[2015-03-27 14:21:10.649] [TRACE] access - POST /car/illegalquerybymark 200
[2015-03-27 14:21:13.422] [TRACE] access - POST /car/illegalquerybymark 200
[2015-03-27 14:21:21.271] [TRACE] access - POST /car/illegalquerybymark 200
[2015-03-27 14:21:32.649] [TRACE] access - POST /car/illegalquerybymark 200
[2015-03-27 14:21:35.304] [TRACE] access - POST /car/illegalquerybymark 200
[2015-03-27 14:21:39.002] [TRACE] access - POST /car/illegalquerybymark 200
[2015-03-27 14:21:41.430] [TRACE] access - POST /car/illegalquerybymark 200
[2015-03-27 14:21:42.188] [TRACE] access - POST /car/illegalquerybymark 200
[2015-03-27 14:21:42.366] [TRACE] access - POST /car/illegalquerybymark 200
[2015-03-27 14:21:42.542] [TRACE] access - POST /car/illegalquerybymark 200
[2015-03-27 14:21:42.708] [TRACE] access - POST /car/illegalquerybymark 200
[2015-03-27 14:21:42.868] [TRACE] access - POST /car/illegalquerybymark 200
[2015-03-27 14:21:43.026] [TRACE] access - POST /car/illegalquerybymark 200
[2015-03-27 14:21:43.185] [TRACE] access - POST /car/illegalquerybymark 200
[2015-03-27 14:21:43.310] [TRACE] access - POST /car/illegalquerybymark 200
[2015-03-27 14:21:48.472] [TRACE] access - POST /car/illegalquerybymark 200
[2015-03-27 14:34:24.964] [TRACE] access - POST /car/illegalquerybymark 200
[2015-03-27 14:34:29.113] [TRACE] access - POST /car/illegalquerybymark 200
[2015-03-27 14:48:33.442] [TRACE] access - POST /car/custInfo 200
[2015-03-27 14:58:30.126] [TRACE] access - POST /car/illegalquerybymark 200
[2015-03-27 14:59:57.423] [TRACE] access - POST /car/illegalquerybymark 200
[2015-03-27 15:00:01.778] [TRACE] access - POST /car/illegalquerybymark 200
[2015-03-27 15:00:10.984] [TRACE] access - POST /car/illegalquerybymark 200
[2015-03-27 16:22:04.439] [TRACE] access - POST /car/illegalquerybymark 200
[2015-03-27 16:22:37.304] [TRACE] access - POST /car/illegalquerybymark 200
[2015-03-27 16:23:21.378] [TRACE] access - POST /car/illegalquerybymark 200
[2015-03-27 16:27:59.167] [TRACE] access - POST /car/illegalquerybymark 200
[2015-03-27 16:29:06.543] [TRACE] access - POST /car/illegalquerybymark 200
[2015-03-27 16:29:24.677] [TRACE] access - POST /car/illegalquerybymark 200
[2015-03-27 16:30:26.182] [TRACE] access - POST /car/illegalquerybymark 200
[2015-03-27 16:30:56.628] [TRACE] access - POST /car/illegalquerybymark 200
[2015-03-27 16:31:39.880] [TRACE] access - POST /car/illegalquerybymark 200
[2015-03-27 16:33:05.128] [TRACE] access - POST /car/illegalquerybymark 200
[2015-03-27 16:35:11.707] [TRACE] access - POST /car/illegalquerybymark 200
[2015-03-27 16:35:53.435] [TRACE] access - POST /car/illegalquerybymark 200
[2015-03-27 16:36:31.786] [TRACE] access - POST /car/illegalquerybymark 200
[2015-03-27 16:37:00.244] [TRACE] access - POST /car/illegalquerybymark 200
[2015-03-27 16:37:45.373] [TRACE] access - POST /car/illegalquerybymark 200
[2015-03-27 16:39:03.342] [TRACE] access - POST /car/illegalquerybymark 200
[2015-03-27 16:47:14.361] [TRACE] access - POST /car/illegalquerybymark 200
[2015-03-27 20:05:42.881] [TRACE] access - POST /car/custInfo 200
[2015-03-27 20:05:45.031] [TRACE] access - POST /car/custdemo 200
[2015-03-27 20:05:46.099] [TRACE] access - POST /car/custInfo 200
[2015-03-27 20:06:55.818] [TRACE] access - POST /car/custpwdrest 200
[2015-03-27 20:12:23.445] [TRACE] access - POST /car/custnew 200
[2015-03-27 21:00:43.191] [TRACE] access - POST /car/custnew 200
[2015-03-27 21:01:30.783] [TRACE] access - POST /car/custnew 200
[2015-03-27 21:01:53.963] [TRACE] access - POST /car/custnew 200
[2015-03-28 20:48:04.011] [TRACE] access - POST /car/custnew 200
[2015-03-28 20:50:41.329] [TRACE] access - POST /car/illegalquerybymark 200
[2015-03-28 20:50:43.255] [TRACE] access - POST /car/custnew 200
[2015-03-28 20:51:08.277] [TRACE] access - POST /car/custnew 200
[2015-03-29 12:22:53.535] [TRACE] access - POST /car/illegalquerybymark 200
[2015-03-29 12:23:26.043] [TRACE] access - POST /car/illegalquerybymark 200
[2015-03-29 12:23:57.941] [TRACE] access - POST /car/illegalquerybymark 200
[2015-03-29 17:02:28.516] [TRACE] access - POST /car/illegalquery 200
[2015-03-29 18:51:04.751] [TRACE] access - POST /car/illegalquery 200
[2015-03-29 18:55:33.690] [TRACE] access - POST /car/illegalquery 200
[2015-03-29 18:57:03.919] [TRACE] access - POST /car/illegalquery 200
[2015-03-29 18:58:13.131] [TRACE] access - POST /car/illegalquery 200
[2015-03-29 19:05:00.618] [TRACE] access - POST /car/illegalquery 200
[2015-03-29 19:06:35.116] [TRACE] access - POST /car/illegalquery 200
[2015-03-29 19:10:07.579] [TRACE] access - POST /car/illegalquery 200
[2015-03-29 19:10:38.763] [TRACE] access - POST /car/illegalquery 200
[2015-03-29 19:12:08.211] [TRACE] access - POST /car/illegalquery 200
[2015-03-29 19:24:58.574] [TRACE] access - POST /car/illegalquery 200
[2015-03-29 20:03:11.724] [TRACE] access - POST /car/custpwdrest 200
[2015-03-29 20:03:13.181] [TRACE] access - POST /car/custlogin 200
[2015-03-29 21:09:59.375] [TRACE] access - POST /car/custInfo 200
[2015-03-29 21:10:02.062] [TRACE] access - POST /car/custnew 200
[2015-03-29 21:10:03.413] [TRACE] access - POST /car/custpwdrest 200
[2015-03-29 21:10:03.983] [TRACE] access - POST /car/custlogin 200
[2015-03-29 21:10:06.331] [TRACE] access - POST /car/illegalquery 200
[2015-03-29 21:21:16.277] [TRACE] access - POST /car/illegalqueryByMark 200
[2015-03-29 21:25:14.262] [TRACE] access - POST /car/illegalqueryByMark 200
[2015-03-29 21:25:59.526] [TRACE] access - POST /car/illegalqueryByMark 200
[2015-03-29 21:25:59.686] [TRACE] access - POST /car/illegalqueryByMark 200
[2015-03-29 21:26:20.429] [TRACE] access - POST /car/illegalqueryByMark 200
[2015-03-29 21:26:21.427] [TRACE] access - POST /car/illegalqueryByMark 200
[2015-03-29 21:27:08.538] [TRACE] access - POST /car/illegalqueryByMark 200
[2015-03-29 21:27:22.509] [TRACE] access - POST /car/illegalqueryByMark 200
[2015-03-29 21:27:23.339] [TRACE] access - POST /car/illegalqueryByMark 200
[2015-03-29 21:30:51.158] [TRACE] access - POST /car/illegalqueryByMark 200
[2015-03-29 21:31:13.453] [TRACE] access - POST /car/illegalqueryByMark 200
[2015-03-29 22:07:14.522] [TRACE] access - POST /car/custdemo 200
[2015-03-29 23:45:49.561] [TRACE] access - POST /car/illegalqueryByMark 200
[2015-03-29 23:48:03.751] [TRACE] access - POST /car/illegalqueryByMark 200
[2015-03-29 23:48:55.373] [TRACE] access - POST /car/illegalqueryByMark 200
[2015-03-29 23:49:18.615] [TRACE] access - POST /car/illegalqueryByMark 200
[2015-03-29 23:49:24.769] [TRACE] access - POST /car/illegalqueryByMark 200
[2015-03-29 23:49:25.355] [TRACE] access - POST /car/illegalqueryByMark 200
[2015-03-29 23:49:25.851] [TRACE] access - POST /car/illegalqueryByMark 200
[2015-03-29 23:49:26.062] [TRACE] access - POST /car/illegalqueryByMark 200
[2015-03-29 23:49:26.225] [TRACE] access - POST /car/illegalqueryByMark 200
[2015-03-29 23:49:26.394] [TRACE] access - POST /car/illegalqueryByMark 200
[2015-03-29 23:49:26.559] [TRACE] access - POST /car/illegalqueryByMark 200
[2015-03-29 23:49:26.733] [TRACE] access - POST /car/illegalqueryByMark 200
[2015-03-29 23:49:26.921] [TRACE] access - POST /car/illegalqueryByMark 200
[2015-03-29 23:49:27.098] [TRACE] access - POST /car/illegalqueryByMark 200
[2015-03-29 23:49:27.297] [TRACE] access - POST /car/illegalqueryByMark 200
[2015-03-29 23:49:27.464] [TRACE] access - POST /car/illegalqueryByMark 200
[2015-03-29 23:49:27.656] [TRACE] access - POST /car/illegalqueryByMark 200
[2015-03-29 23:55:06.325] [TRACE] access - POST /car/illegalqueryByMark 200
[2015-03-29 23:55:47.466] [TRACE] access - POST /car/illegalqueryByMark 200
[2015-03-29 23:55:47.849] [TRACE] access - POST /car/illegalqueryByMark 200
[2015-03-29 23:55:48.044] [TRACE] access - POST /car/illegalqueryByMark 200
[2015-03-29 23:55:48.209] [TRACE] access - POST /car/illegalqueryByMark 200
[2015-03-29 23:55:48.361] [TRACE] access - POST /car/illegalqueryByMark 200
[2015-03-29 23:55:48.527] [TRACE] access - POST /car/illegalqueryByMark 200
[2015-03-29 23:55:48.674] [TRACE] access - POST /car/illegalqueryByMark 200
[2015-03-29 23:55:48.838] [TRACE] access - POST /car/illegalqueryByMark 200
[2015-03-29 23:55:49.013] [TRACE] access - POST /car/illegalqueryByMark 200
[2015-03-29 23:55:49.190] [TRACE] access - POST /car/illegalqueryByMark 200
[2015-03-29 23:55:49.360] [TRACE] access - POST /car/illegalqueryByMark 200
[2015-03-29 23:55:49.522] [TRACE] access - POST /car/illegalqueryByMark 200
[2015-03-29 23:55:49.702] [TRACE] access - POST /car/illegalqueryByMark 200
[2015-03-29 23:55:49.863] [TRACE] access - POST /car/illegalqueryByMark 200
[2015-03-29 23:55:50.026] [TRACE] access - POST /car/illegalqueryByMark 200
[2015-03-29 23:55:50.211] [TRACE] access - POST /car/illegalqueryByMark 200
[2015-03-29 23:55:50.363] [TRACE] access - POST /car/illegalqueryByMark 200
[2015-03-29 23:55:50.537] [TRACE] access - POST /car/illegalqueryByMark 200
[2015-03-29 23:55:50.708] [TRACE] access - POST /car/illegalqueryByMark 200
[2015-03-29 23:55:50.886] [TRACE] access - POST /car/illegalqueryByMark 200
[2015-03-29 23:55:51.063] [TRACE] access - POST /car/illegalqueryByMark 200
[2015-03-29 23:55:51.231] [TRACE] access - POST /car/illegalqueryByMark 200
[2015-03-29 23:55:51.394] [TRACE] access - POST /car/illegalqueryByMark 200
[2015-03-29 23:55:51.588] [TRACE] access - POST /car/illegalqueryByMark 200
[2015-03-29 23:55:51.760] [TRACE] access - POST /car/illegalqueryByMark 200
[2015-03-29 23:55:51.921] [TRACE] access - POST /car/illegalqueryByMark 200
[2015-03-29 23:55:52.068] [TRACE] access - POST /car/illegalqueryByMark 200
[2015-03-29 23:55:52.245] [TRACE] access - POST /car/illegalqueryByMark 200
[2015-03-29 23:55:52.408] [TRACE] access - POST /car/illegalqueryByMark 200
[2015-03-29 23:55:52.603] [TRACE] access - POST /car/illegalqueryByMark 200
[2015-03-29 23:55:52.747] [TRACE] access - POST /car/illegalqueryByMark 200
[2015-03-29 23:55:52.917] [TRACE] access - POST /car/illegalqueryByMark 200
[2015-03-29 23:55:53.079] [TRACE] access - POST /car/illegalqueryByMark 200
[2015-03-29 23:55:53.248] [TRACE] access - POST /car/illegalqueryByMark 200
[2015-03-29 23:55:53.412] [TRACE] access - POST /car/illegalqueryByMark 200
[2015-03-29 23:55:53.561] [TRACE] access - POST /car/illegalqueryByMark 200
[2015-03-29 23:55:53.746] [TRACE] access - POST /car/illegalqueryByMark 200
[2015-03-29 23:55:53.907] [TRACE] access - POST /car/illegalqueryByMark 200
[2015-03-29 23:55:54.079] [TRACE] access - POST /car/illegalqueryByMark 200
[2015-03-29 23:55:54.270] [TRACE] access - POST /car/illegalqueryByMark 200
[2015-03-29 23:55:54.432] [TRACE] access - POST /car/illegalqueryByMark 200
[2015-03-29 23:55:54.623] [TRACE] access - POST /car/illegalqueryByMark 200
[2015-03-29 23:55:55.149] [TRACE] access - POST /car/illegalqueryByMark 200
[2015-03-29 23:55:55.315] [TRACE] access - POST /car/illegalqueryByMark 200
[2015-03-29 23:55:55.507] [TRACE] access - POST /car/illegalqueryByMark 200
[2015-03-29 23:55:55.673] [TRACE] access - POST /car/illegalqueryByMark 200
[2015-03-29 23:55:55.870] [TRACE] access - POST /car/illegalqueryByMark 200
[2015-03-29 23:55:56.059] [TRACE] access - POST /car/illegalqueryByMark 200
[2015-03-29 23:55:56.263] [TRACE] access - POST /car/illegalqueryByMark 200
[2015-03-29 23:55:56.617] [TRACE] access - POST /car/illegalqueryByMark 200
[2015-03-29 23:55:56.771] [TRACE] access - POST /car/illegalqueryByMark 200
[2015-03-29 23:55:56.954] [TRACE] access - POST /car/illegalqueryByMark 200
[2015-03-29 23:55:57.154] [TRACE] access - POST /car/illegalqueryByMark 200
[2015-03-29 23:55:57.321] [TRACE] access - POST /car/illegalqueryByMark 200
[2015-03-29 23:55:57.519] [TRACE] access - POST /car/illegalqueryByMark 200
[2015-03-29 23:55:57.692] [TRACE] access - POST /car/illegalqueryByMark 200
[2015-03-29 23:55:57.884] [TRACE] access - POST /car/illegalqueryByMark 200
[2015-03-29 23:55:58.056] [TRACE] access - POST /car/illegalqueryByMark 200
[2015-03-29 23:55:58.209] [TRACE] access - POST /car/illegalqueryByMark 200
[2015-03-29 23:55:58.397] [TRACE] access - POST /car/illegalqueryByMark 200
[2015-03-30 13:22:59.655] [TRACE] access - GET /js/jquery.js 404
[2015-03-30 13:23:22.737] [TRACE] access - POST /car/illegalqueryByMark 200
[2015-03-30 13:50:28.221] [TRACE] access - POST /car/custpwdrest 200
[2015-03-30 13:50:28.739] [TRACE] access - POST /car/custlogin 200
[2015-03-30 13:50:35.136] [TRACE] access - POST /car/illegalqueryByMark 200
[2015-03-30 13:57:42.524] [TRACE] access - POST /car/illegalqueryByMark 200
[2015-03-30 13:59:31.678] [TRACE] access - POST /car/illegalqueryByMark 200
[2015-03-30 16:51:46.990] [TRACE] access - POST /car/illegalqueryByMark 200
[2015-03-30 16:54:47.082] [TRACE] access - POST /car/illegalqueryByMark 200
[2015-03-30 16:54:48.473] [TRACE] access - POST /car/illegalqueryByMark 200
[2015-03-30 17:00:59.922] [TRACE] access - POST /car/illegalqueryByMark 200
[2015-03-30 17:01:10.538] [TRACE] access - POST /car/illegalqueryByMark 200
[2015-03-30 20:47:25.727] [TRACE] access - POST /car/getIllegalQueryTask 200
[2015-03-30 20:47:44.995] [TRACE] access - POST /car/getIllegalQueryTask 200
[2015-03-30 20:47:45.978] [TRACE] access - POST /car/getIllegalQueryTask 200
[2015-03-30 20:47:46.423] [TRACE] access - POST /car/getIllegalQueryTask 200
[2015-03-30 20:47:46.737] [TRACE] access - POST /car/getIllegalQueryTask 200
[2015-03-30 20:47:46.933] [TRACE] access - POST /car/getIllegalQueryTask 200
[2015-03-30 20:47:47.109] [TRACE] access - POST /car/getIllegalQueryTask 200
[2015-03-30 20:47:47.297] [TRACE] access - POST /car/getIllegalQueryTask 200
[2015-03-30 20:47:47.482] [TRACE] access - POST /car/getIllegalQueryTask 200
[2015-03-30 21:09:21.539] [TRACE] access - POST /car/illegalqueryByMark 200
[2015-03-30 21:09:23.507] [TRACE] access - POST /car/getIllegalQueryTask 200
[2015-03-30 21:20:15.728] [TRACE] access - POST /car/getIllegalQueryTask 200
[2015-03-30 21:20:51.432] [TRACE] access - POST /car/illegalqueryByMark 200
[2015-03-30 21:20:54.701] [TRACE] access - POST /car/custInfo 200
[2015-03-30 21:47:41.999] [TRACE] access - POST /car/getIllegalQueryTask 200
